TN:
SF:src/basicFunctions.ts
FN:10,add
FNF:1
FNH:1
FNDA:2,add
DA:1,1
DA:2,1
DA:3,1
DA:4,1
DA:5,1
DA:6,1
DA:7,1
DA:8,1
DA:9,1
DA:10,1
DA:11,2
DA:12,2
LF:12
LH:12
BRDA:10,0,0,2
BRF:1
BRH:1
end_of_record
TN:
SF:src/funco.ts
FN:7,<instance_members_initializer>
FN:32,Funko
FN:59,get id_
FN:66,set id_
FN:72,get nombre_
FN:79,set nombre_
FN:85,get descripcion_
FN:92,set descripcion_
FN:98,get tipo_
FN:105,set tipo_
FN:111,get genero_
FN:118,set genero_
FN:124,get franquicia_
FN:131,set franquicia_
FN:137,get numero_
FN:144,set numero_
FN:150,get exclusivo_
FN:157,set exclusivo_
FN:163,get caracteristicasEspeciales_
FN:170,set caracteristicasEspeciales_
FN:177,get valorDeMercado_
FN:184,set valorDeMercado_
FNF:22
FNH:22
FNDA:21,<instance_members_initializer>
FNDA:21,Funko
FNDA:2,get id_
FNDA:1,set id_
FNDA:2,get nombre_
FNDA:1,set nombre_
FNDA:2,get descripcion_
FNDA:1,set descripcion_
FNDA:2,get tipo_
FNDA:1,set tipo_
FNDA:2,get genero_
FNDA:1,set genero_
FNDA:2,get franquicia_
FNDA:1,set franquicia_
FNDA:2,get numero_
FNDA:1,set numero_
FNDA:2,get exclusivo_
FNDA:1,set exclusivo_
FNDA:2,get caracteristicasEspeciales_
FNDA:1,set caracteristicasEspeciales_
FNDA:2,get valorDeMercado_
FNDA:1,set valorDeMercado_
DA:1,1
DA:2,1
DA:3,1
DA:4,1
DA:5,1
DA:6,1
DA:7,1
DA:8,21
DA:9,21
DA:10,21
DA:11,21
DA:12,21
DA:13,21
DA:14,21
DA:15,21
DA:16,21
DA:17,21
DA:18,21
DA:19,21
DA:20,21
DA:21,21
DA:22,21
DA:23,21
DA:24,21
DA:25,21
DA:26,21
DA:27,21
DA:28,21
DA:29,21
DA:30,21
DA:31,21
DA:32,21
DA:33,21
DA:34,21
DA:35,21
DA:36,21
DA:37,21
DA:38,21
DA:39,21
DA:40,21
DA:41,21
DA:42,21
DA:43,21
DA:44,21
DA:45,21
DA:46,21
DA:47,21
DA:48,21
DA:49,21
DA:50,21
DA:51,21
DA:52,21
DA:53,21
DA:54,21
DA:55,21
DA:56,21
DA:57,21
DA:58,21
DA:59,21
DA:60,2
DA:61,2
DA:62,21
DA:63,21
DA:64,21
DA:65,21
DA:66,21
DA:67,1
DA:68,1
DA:69,21
DA:70,21
DA:71,21
DA:72,21
DA:73,2
DA:74,2
DA:75,21
DA:76,21
DA:77,21
DA:78,21
DA:79,21
DA:80,1
DA:81,1
DA:82,21
DA:83,21
DA:84,21
DA:85,21
DA:86,2
DA:87,2
DA:88,21
DA:89,21
DA:90,21
DA:91,21
DA:92,21
DA:93,1
DA:94,1
DA:95,21
DA:96,21
DA:97,21
DA:98,21
DA:99,2
DA:100,2
DA:101,21
DA:102,21
DA:103,21
DA:104,21
DA:105,21
DA:106,1
DA:107,1
DA:108,21
DA:109,21
DA:110,21
DA:111,21
DA:112,2
DA:113,2
DA:114,21
DA:115,21
DA:116,21
DA:117,21
DA:118,21
DA:119,1
DA:120,1
DA:121,21
DA:122,21
DA:123,21
DA:124,21
DA:125,2
DA:126,2
DA:127,21
DA:128,21
DA:129,21
DA:130,21
DA:131,21
DA:132,1
DA:133,1
DA:134,21
DA:135,21
DA:136,21
DA:137,21
DA:138,2
DA:139,2
DA:140,21
DA:141,21
DA:142,21
DA:143,21
DA:144,21
DA:145,1
DA:146,1
DA:147,21
DA:148,21
DA:149,21
DA:150,21
DA:151,2
DA:152,2
DA:153,21
DA:154,21
DA:155,21
DA:156,21
DA:157,21
DA:158,1
DA:159,1
DA:160,21
DA:161,21
DA:162,21
DA:163,21
DA:164,2
DA:165,2
DA:166,21
DA:167,21
DA:168,21
DA:169,21
DA:170,21
DA:171,1
DA:172,1
DA:173,21
DA:174,21
DA:175,21
DA:176,21
DA:177,21
DA:178,2
DA:179,2
DA:180,21
DA:181,21
DA:182,21
DA:183,21
DA:184,21
DA:185,1
DA:186,1
DA:187,21
LF:187
LH:187
BRDA:7,0,0,21
BRDA:32,1,0,21
BRDA:59,2,0,2
BRDA:66,3,0,1
BRDA:72,4,0,2
BRDA:79,5,0,1
BRDA:85,6,0,2
BRDA:92,7,0,1
BRDA:98,8,0,2
BRDA:105,9,0,1
BRDA:111,10,0,2
BRDA:118,11,0,1
BRDA:124,12,0,2
BRDA:131,13,0,1
BRDA:137,14,0,2
BRDA:144,15,0,1
BRDA:150,16,0,2
BRDA:157,17,0,1
BRDA:163,18,0,2
BRDA:170,19,0,1
BRDA:177,20,0,2
BRDA:184,21,0,1
BRF:22
BRH:22
end_of_record
TN:
SF:src/genero.ts
FNF:0
FNH:0
DA:1,1
DA:2,1
DA:3,1
DA:4,1
DA:5,1
DA:6,1
DA:7,1
DA:8,1
DA:9,1
DA:10,1
DA:11,1
LF:11
LH:11
BRDA:4,0,0,1
BRF:1
BRH:1
end_of_record
TN:
SF:src/tipo.ts
FNF:0
FNH:0
DA:1,1
DA:2,1
DA:3,1
DA:4,1
DA:5,1
DA:6,1
DA:7,1
DA:8,1
DA:9,1
LF:9
LH:9
BRDA:4,0,0,1
BRF:1
BRH:1
end_of_record
